<?xml version="1.0" encoding="UTF-8"?>
<!-- Generated by org.testng.reporters.JUnitReportReporter -->
<testsuite skipped="0" hostname="Yogesh-MSI" name="com.base.test.TestingClass" tests="1" failures="0" timestamp="2024-04-01T20:54:29 IST" time="0.026" errors="0">
  <testcase name="testOne" time="0.026" classname="com.base.test.TestingClass"/>
</testsuite> <!-- com.base.test.TestingClass -->
