<?xml version="1.0" encoding="UTF-8"?>
<!-- Generated by org.testng.reporters.JUnitReportReporter -->
<testsuite hostname="Yogesh-MSI" failures="0" tests="1" name="com.base.test.TestingClass" time="0.063" errors="0" timestamp="1 Apr 2024 15:28:40 GMT">
  <testcase classname="com.base.test.TestingClass" name="testOne" time="0.063"/>
</testsuite> <!-- com.base.test.TestingClass -->
